ThemeTestApp/app/manifest-merger-release-report.txt
-- Merging decision tree log ---
manifest
ADDED from AndroidManifest.xml:6:1
	xmlns:android
		ADDED from AndroidManifest.xml:8:5
	package
		ADDED from AndroidManifest.xml:7:5
		INJECTED from AndroidManifest.xml:0:0
		INJECTED from AndroidManifest.xml:0:0
	android:versionName
		INJECTED from AndroidManifest.xml:0:0
		INJECTED from AndroidManifest.xml:0:0
	android:versionCode
		INJECTED from AndroidManifest.xml:0:0
		INJECTED from AndroidManifest.xml:0:0
application
ADDED from AndroidManifest.xml:10:5
MERGED from com.android.support:appcompat-v7:21.0.3:16:5
MERGED from com.android.support:support-v4:21.0.3:16:5
	android:allowBackup
		ADDED from AndroidManifest.xml:11:9
	android:icon
		ADDED from AndroidManifest.xml:12:9
	android:theme
		ADDED from AndroidManifest.xml:13:9
activity#com.tailoredapps.themetestapp.ClassicActivity
ADDED from AndroidManifest.xml:15:9
	android:label
		ADDED from AndroidManifest.xml:17:13
	android:theme
		ADDED from AndroidManifest.xml:18:13
	android:name
		ADDED from AndroidManifest.xml:16:13
activity#com.tailoredapps.themetestapp.HoloActivity
ADDED from AndroidManifest.xml:21:9
	android:label
		ADDED from AndroidManifest.xml:23:13
	android:theme
		ADDED from AndroidManifest.xml:24:13
	android:name
		ADDED from AndroidManifest.xml:22:13
activity#com.tailoredapps.themetestapp.DeviceDefaultActivity
ADDED from AndroidManifest.xml:27:9
	android:label
		ADDED from AndroidManifest.xml:29:13
	android:theme
		ADDED from AndroidManifest.xml:30:13
	android:name
		ADDED from AndroidManifest.xml:28:13
activity#com.tailoredapps.themetestapp.MainActivity
ADDED from AndroidManifest.xml:33:9
	android:label
		ADDED from AndroidManifest.xml:35:13
	android:name
		ADDED from AndroidManifest.xml:34:13
activity#com.tailoredapps.themetestapp.CompatNoActionbarActivity
ADDED from AndroidManifest.xml:38:9
	android:label
		ADDED from AndroidManifest.xml:40:13
	android:theme
		ADDED from AndroidManifest.xml:41:13
	android:name
		ADDED from AndroidManifest.xml:39:13
activity#com.tailoredapps.themetestapp.MaterialActivity
ADDED from AndroidManifest.xml:44:9
	android:label
		ADDED from AndroidManifest.xml:46:13
	android:theme
		ADDED from AndroidManifest.xml:47:13
	android:name
		ADDED from AndroidManifest.xml:45:13
activity#com.tailoredapps.themetestapp.StartActivity
ADDED from AndroidManifest.xml:50:9
	android:label
		ADDED from AndroidManifest.xml:52:13
	android:name
		ADDED from AndroidManifest.xml:51:13
intent-filter#android.intent.action.MAIN+android.intent.category.LAUNCHER
ADDED from AndroidManifest.xml:53:13
action#android.intent.action.MAIN
ADDED from AndroidManifest.xml:54:17
	android:name
		ADDED from AndroidManifest.xml:54:25
category#android.intent.category.LAUNCHER
ADDED from AndroidManifest.xml:56:17
	android:name
		ADDED from AndroidManifest.xml:56:27
uses-sdk
INJECTED from AndroidManifest.xml:0:0 reason: use-sdk injection requested
MERGED from com.android.support:appcompat-v7:21.0.3:15:5
MERGED from com.android.support:support-v4:21.0.3:15:5
	android:targetSdkVersion
		INJECTED from AndroidManifest.xml:0:0
		INJECTED from AndroidManifest.xml:0:0
	android:minSdkVersion
		INJECTED from AndroidManifest.xml:0:0
		INJECTED from AndroidManifest.xml:0:0